<?xml version="1.0" encoding="utf-8" standalone="no"?>
<!--This file represents the results of running a test suite-->
<test-results name="C:\Users\Andrew\Documents\Visual Studio 2010\Projects\JavaSpitzer\src\JavaSpitzer\JavaSpitzer\JavaSpitzer.csproj" total="0" errors="0" failures="0" not-run="0" inconclusive="0" ignored="0" skipped="0" invalid="0" date="2012-09-29" time="22:01:26">
  <environment nunit-version="2.6.0.11240" clr-version="2.0.50727.5456" os-version="Microsoft Windows NT 6.1.7601 Service Pack 1" platform="Win32NT" cwd="C:\Users\Andrew\Documents\Visual Studio 2010\Projects\JavaSpitzer\src\JavaSpitzer\JavaSpitzer" machine-name="GANDALF" user="Andrew" user-domain="Gandalf" />
  <culture-info current-culture="en-AU" current-uiculture="en-US" />
  <test-suite type="Project" name="C:\Users\Andrew\Documents\Visual Studio 2010\Projects\JavaSpitzer\src\JavaSpitzer\JavaSpitzer\JavaSpitzer.csproj" executed="True" result="Inconclusive" success="False" time="0.025" asserts="0">
    <results>
      <test-suite type="Assembly" name="C:\Users\Andrew\Documents\Visual Studio 2010\Projects\JavaSpitzer\src\JavaSpitzer\JavaSpitzer\bin\Debug\JavaSpitzer.dll" executed="True" result="Inconclusive" success="False" time="0.005" asserts="0" />
    </results>
  </test-suite>
</test-results>